<?xml version="1.0" encoding="UTF-8"?>
<!-- Generated by org.testng.reporters.JUnitReportReporter -->
<testsuite skipped="0" hostname="DESKTOP-BJCV7O7" name="org.test.in.D" tests="3" failures="0" timestamp="08 Sep 2021 12:49:56 GMT" time="0.026" errors="0">
  <testcase name="tc34" time="0.017" classname="org.test.in.D"/>
  <testcase name="tc33" time="0.006" classname="org.test.in.D"/>
  <testcase name="tc31" time="0.003" classname="org.test.in.D"/>
</testsuite> <!-- org.test.in.D -->
