<?xml version="1.0" encoding="UTF-8"?>
<!-- Generated by org.testng.reporters.JUnitReportReporter -->
<testsuite skipped="0" hostname="DESKTOP-BJCV7O7" name="org.hexa.in.Sample" tests="9" failures="0" timestamp="06 Sep 2021 12:24:18 GMT" time="274.608" errors="0">
  <testcase name="test1" time="38.256" classname="org.hexa.in.Sample"/>
  <testcase name="test1" time="21.589" classname="org.hexa.in.Sample"/>
  <testcase name="test1" time="30.465" classname="org.hexa.in.Sample"/>
  <testcase name="test1" time="19.918" classname="org.hexa.in.Sample"/>
  <testcase name="test1" time="16.169" classname="org.hexa.in.Sample"/>
  <testcase name="test1" time="36.977" classname="org.hexa.in.Sample"/>
  <testcase name="test1" time="65.903" classname="org.hexa.in.Sample"/>
  <testcase name="test1" time="19.840" classname="org.hexa.in.Sample"/>
  <testcase name="test1" time="25.491" classname="org.hexa.in.Sample"/>
</testsuite> <!-- org.hexa.in.Sample -->
