<?xml version="1.0" encoding="UTF-8"?>
<!-- Generated by org.testng.reporters.JUnitReportReporter -->
<testsuite skipped="0" hostname="DESKTOP-BJCV7O7" name="org.hexa.in.AdactinHotel" tests="5" failures="0" timestamp="04 Sep 2021 15:31:38 GMT" time="20.356" errors="0">
  <testcase name="loginPage" time="5.597" classname="org.hexa.in.AdactinHotel"/>
  <testcase name="searchHotel" time="3.372" classname="org.hexa.in.AdactinHotel"/>
  <testcase name="selectHotel" time="1.604" classname="org.hexa.in.AdactinHotel"/>
  <testcase name="bookAHotel" time="2.829" classname="org.hexa.in.AdactinHotel"/>
  <testcase name="bookingConfirmation" time="6.954" classname="org.hexa.in.AdactinHotel"/>
</testsuite> <!-- org.hexa.in.AdactinHotel -->
