<?xml version="1.0" encoding="UTF-8"?>
<!-- Generated by org.testng.reporters.JUnitReportReporter -->
<testsuite skipped="0" hostname="DESKTOP-BJCV7O7" name="org.test.in.B" tests="4" failures="0" timestamp="08 Sep 2021 12:49:56 GMT" time="0.015" errors="0">
  <testcase name="tc14" time="0.003" classname="org.test.in.B"/>
  <testcase name="tc13" time="0.006" classname="org.test.in.B"/>
  <testcase name="tc11" time="0.003" classname="org.test.in.B"/>
  <testcase name="tc15" time="0.003" classname="org.test.in.B"/>
</testsuite> <!-- org.test.in.B -->
