<?xml version="1.0" encoding="UTF-8"?>
<!-- Generated by org.testng.reporters.JUnitReportReporter -->
<testsuite skipped="0" hostname="DESKTOP-BJCV7O7" name="org.test.in.A" tests="4" failures="0" timestamp="08 Sep 2021 12:49:56 GMT" time="0.008" errors="0">
  <testcase name="tc2" time="0.002" classname="org.test.in.A"/>
  <testcase name="tc1" time="0.002" classname="org.test.in.A"/>
  <testcase name="tc5" time="0.002" classname="org.test.in.A"/>
  <testcase name="tc4" time="0.002" classname="org.test.in.A"/>
</testsuite> <!-- org.test.in.A -->
