<?xml version="1.0" encoding="UTF-8"?>
<!-- Generated by org.testng.reporters.JUnitReportReporter -->
<testsuite skipped="0" hostname="DESKTOP-BJCV7O7" name="org.test.in.C" tests="3" failures="0" timestamp="08 Sep 2021 12:49:56 GMT" time="0.015" errors="0">
  <testcase name="tc24" time="0.004" classname="org.test.in.C"/>
  <testcase name="tc23" time="0.002" classname="org.test.in.C"/>
  <testcase name="tc21" time="0.009" classname="org.test.in.C"/>
</testsuite> <!-- org.test.in.C -->
