<?xml version="1.0" encoding="UTF-8"?>
<!-- Generated by org.testng.reporters.JUnitReportReporter -->
<testsuite skipped="0" hostname="DESKTOP-BJCV7O7" name="org.test.in.E" tests="4" failures="0" timestamp="08 Sep 2021 12:49:56 GMT" time="0.043" errors="0">
  <testcase name="tc41" time="0.033" classname="org.test.in.E"/>
  <testcase name="tc43" time="0.004" classname="org.test.in.E"/>
  <testcase name="tc45" time="0.003" classname="org.test.in.E"/>
  <testcase name="tc42" time="0.003" classname="org.test.in.E"/>
</testsuite> <!-- org.test.in.E -->
